<testsuite errors='0' failures='5' name='test.me.imcj.as3object.hook.TestPOAOHook' tests='5' time='0' ><testcase name="testExecuteUpdate" time="0">
  <failure message="Timeout Occurred before expected event" type="test.me.imcj.as3object.hook.TestPOAOHook">Error: Timeout Occurred before expected event
	at org.flexunit.internals.runners.statements::ExpectAsync/handleAsyncTimeOut()[E:\hudson\jobs\FlexUnit4-Flex4.1\workspace\FlexUnit4\src\org\flexunit\internals\runners\statements\ExpectAsync.as:319]
	at flash.events::EventDispatcher/dispatchEventFunction()
	at flash.events::EventDispatcher/dispatchEvent()
	at org.flexunit.async::AsyncHandler/handleTimeout()[E:\hudson\jobs\FlexUnit4-Flex4.1\workspace\FlexUnit4\src\org\flexunit\async\AsyncHandler.as:169]
	at flash.events::EventDispatcher/dispatchEventFunction()
	at flash.events::EventDispatcher/dispatchEvent()
	at flash.utils::Timer/tick()</failure>
</testcase><testcase name="testExecuteAdd" time="0">
  <failure message="Timeout Occurred before expected event" type="test.me.imcj.as3object.hook.TestPOAOHook">Error: Timeout Occurred before expected event
	at org.flexunit.internals.runners.statements::ExpectAsync/handleAsyncTimeOut()[E:\hudson\jobs\FlexUnit4-Flex4.1\workspace\FlexUnit4\src\org\flexunit\internals\runners\statements\ExpectAsync.as:319]
	at flash.events::EventDispatcher/dispatchEventFunction()
	at flash.events::EventDispatcher/dispatchEvent()
	at org.flexunit.async::AsyncHandler/handleTimeout()[E:\hudson\jobs\FlexUnit4-Flex4.1\workspace\FlexUnit4\src\org\flexunit\async\AsyncHandler.as:169]
	at flash.events::EventDispatcher/dispatchEventFunction()
	at flash.events::EventDispatcher/dispatchEvent()
	at flash.utils::Timer/tick()</failure>
</testcase><testcase name="testExecuteDelete" time="0">
  <failure message="Cannot add asynchronous functionality to methods defined by Test,Before or After that are not marked async" type="test.me.imcj.as3object.hook.TestPOAOHook">Error: Cannot add asynchronous functionality to methods defined by Test,Before or After that are not marked async
	at org.flexunit.async::AsyncLocator$/getCallableForTest()[E:\hudson\jobs\FlexUnit4-Flex4.1\workspace\FlexUnit4\src\org\flexunit\async\AsyncLocator.as:89]
	at org.flexunit.async::Async$/asyncHandler()[E:\hudson\jobs\FlexUnit4-Flex4.1\workspace\FlexUnit4\src\org\flexunit\async\Async.as:172]
	at test.me.imcj.as3object.hook::TestPOAOHook/testExecuteDelete()[F:\C1801\as3object\src\test\flex\test\me\imcj\as3object\hook\TestPOAOHook.as:126]
	at Function/http://adobe.com/AS3/2006/builtin::apply()
	at flex.lang.reflect::Method/apply()[E:\hudson\jobs\FlexUnit4-Flex4.1\workspace\FlexUnit4\src\flex\lang\reflect\Method.as:244]
	at org.flexunit.runners.model::FrameworkMethod/invokeExplosively()[E:\hudson\jobs\FlexUnit4-Flex4.1\workspace\FlexUnit4\src\org\flexunit\runners\model\FrameworkMethod.as:201]
	at org.flexunit.internals.runners.statements::InvokeMethod/evaluate()[E:\hudson\jobs\FlexUnit4-Flex4.1\workspace\FlexUnit4\src\org\flexunit\internals\runners\statements\InvokeMethod.as:72]
	at org.flexunit.internals.runners.statements::RunBeforesInline/handleSequenceExecuteComplete()[E:\hudson\jobs\FlexUnit4-Flex4.1\workspace\FlexUnit4\src\org\flexunit\internals\runners\statements\RunBeforesInline.as:112]
	at org.flexunit.token::AsyncTestToken/sendResult()[E:\hudson\jobs\FlexUnit4-Flex4.1\workspace\FlexUnit4\src\org\flexunit\token\AsyncTestToken.as:107]
	at org.flexunit.internals.runners.statements::AsyncStatementBase/sendComplete()[E:\hudson\jobs\FlexUnit4-Flex4.1\workspace\FlexUnit4\src\org\flexunit\internals\runners\statements\AsyncStatementBase.as:76]
	at org.flexunit.internals.runners.statements::StatementSequencer/sendComplete()[E:\hudson\jobs\FlexUnit4-Flex4.1\workspace\FlexUnit4\src\org\flexunit\internals\runners\statements\StatementSequencer.as:172]
	at org.flexunit.internals.runners.statements::StatementSequencer/handleChildExecuteComplete()[E:\hudson\jobs\FlexUnit4-Flex4.1\workspace\FlexUnit4\src\org\flexunit\internals\runners\statements\StatementSequencer.as:145]
	at org.flexunit.token::AsyncTestToken/sendResult()[E:\hudson\jobs\FlexUnit4-Flex4.1\workspace\FlexUnit4\src\org\flexunit\token\AsyncTestToken.as:107]
	at org.flexunit.internals.runners.statements::ExpectAsync/sendComplete()[E:\hudson\jobs\FlexUnit4-Flex4.1\workspace\FlexUnit4\src\org\flexunit\internals\runners\statements\ExpectAsync.as:560]
	at org.flexunit.internals.runners.statements::ExpectAsync/handleAsyncEventFired()[E:\hudson\jobs\FlexUnit4-Flex4.1\workspace\FlexUnit4\src\org\flexunit\internals\runners\statements\ExpectAsync.as:431]
	at flash.events::EventDispatcher/dispatchEventFunction()
	at flash.events::EventDispatcher/dispatchEvent()
	at org.flexunit.async::AsyncHandler/handleEvent()[E:\hudson\jobs\FlexUnit4-Flex4.1\workspace\FlexUnit4\src\org\flexunit\async\AsyncHandler.as:156]
	at flash.events::EventDispatcher/dispatchEventFunction()
	at flash.events::EventDispatcher/dispatchEvent()
	at test.me.imcj.as3object.hook::TestPOAOHook/createTableComplete()[F:\C1801\as3object\src\test\flex\test\me\imcj\as3object\hook\TestPOAOHook.as:66]
	at flash.events::EventDispatcher/dispatchEventFunction()
	at flash.events::EventDispatcher/dispatchEvent()
	at me.imcj.as3proceeding::SequenceImpl/notify()[F:\C1801\as3object\src\main\flex\me\imcj\as3proceeding\SequenceImpl.as:65]
	at me.imcj.as3proceeding::SequenceImpl/step()[F:\C1801\as3object\src\main\flex\me\imcj\as3proceeding\SequenceImpl.as:51]
	at me.imcj.as3proceeding::SequenceImpl/result()[F:\C1801\as3object\src\main\flex\me\imcj\as3proceeding\SequenceImpl.as:79]
	at me.imcj.as3proceeding::AS3ProceedingResponder/result()[F:\C1801\as3object\src\main\flex\me\imcj\as3proceeding\AS3ProceedingResponder.as:40]
	at me.imcj.as3object.responder::ResponderCreationStatement/result()[F:\C1801\as3object\src\main\flex\me\imcj\as3object\responder\ResponderCreationStatement.as:20]
	at Function/&lt;anonymous&gt;()[F:\C1801\as3object\src\main\flex\me\imcj\as3object\StatementSQLite.as:37]</failure>
</testcase><testcase name="testExecuteDeleteWithOutRelation" time="0">
  <failure message="Timeout Occurred before expected event" type="test.me.imcj.as3object.hook.TestPOAOHook">Error: Timeout Occurred before expected event
	at org.flexunit.internals.runners.statements::ExpectAsync/handleAsyncTimeOut()[E:\hudson\jobs\FlexUnit4-Flex4.1\workspace\FlexUnit4\src\org\flexunit\internals\runners\statements\ExpectAsync.as:319]
	at flash.events::EventDispatcher/dispatchEventFunction()
	at flash.events::EventDispatcher/dispatchEvent()
	at org.flexunit.async::AsyncHandler/handleTimeout()[E:\hudson\jobs\FlexUnit4-Flex4.1\workspace\FlexUnit4\src\org\flexunit\async\AsyncHandler.as:169]
	at flash.events::EventDispatcher/dispatchEventFunction()
	at flash.events::EventDispatcher/dispatchEvent()
	at flash.utils::Timer/tick()</failure>
</testcase><testcase name="testExecuteAddWithOutRelation" time="0">
  <failure message="Timeout Occurred before expected event" type="test.me.imcj.as3object.hook.TestPOAOHook">Error: Timeout Occurred before expected event
	at org.flexunit.internals.runners.statements::ExpectAsync/handleAsyncTimeOut()[E:\hudson\jobs\FlexUnit4-Flex4.1\workspace\FlexUnit4\src\org\flexunit\internals\runners\statements\ExpectAsync.as:319]
	at flash.events::EventDispatcher/dispatchEventFunction()
	at flash.events::EventDispatcher/dispatchEvent()
	at org.flexunit.async::AsyncHandler/handleTimeout()[E:\hudson\jobs\FlexUnit4-Flex4.1\workspace\FlexUnit4\src\org\flexunit\async\AsyncHandler.as:169]
	at flash.events::EventDispatcher/dispatchEventFunction()
	at flash.events::EventDispatcher/dispatchEvent()
	at flash.utils::Timer/tick()</failure>
</testcase></testsuite>